c:\users\jovan\desktop\faks\semestar 7\racunarska grafika\projekat\sablon\x64\debug\vc143.pdb
c:\users\jovan\desktop\faks\semestar 7\racunarska grafika\projekat\sablon\x64\debug\vc143.idb
c:\users\jovan\desktop\faks\semestar 7\racunarska grafika\projekat\sablon\x64\debug\player.obj
c:\users\jovan\desktop\faks\semestar 7\racunarska grafika\projekat\sablon\x64\debug\main.obj
c:\users\jovan\desktop\faks\semestar 7\racunarska grafika\projekat\sablon\x64\debug\projectile.obj
c:\users\jovan\desktop\faks\semestar 7\racunarska grafika\projekat\x64\debug\sablon.exe
c:\users\jovan\desktop\faks\semestar 7\racunarska grafika\projekat\x64\debug\sablon.pdb
c:\users\jovan\desktop\faks\semestar 7\racunarska grafika\projekat\sablon\x64\debug\sablon.ilk
c:\users\jovan\desktop\faks\semestar 7\racunarska grafika\projekat\sablon\x64\debug\sablon.tlog\cl.command.1.tlog
c:\users\jovan\desktop\faks\semestar 7\racunarska grafika\projekat\sablon\x64\debug\sablon.tlog\cl.items.tlog
c:\users\jovan\desktop\faks\semestar 7\racunarska grafika\projekat\sablon\x64\debug\sablon.tlog\cl.read.1.tlog
c:\users\jovan\desktop\faks\semestar 7\racunarska grafika\projekat\sablon\x64\debug\sablon.tlog\cl.write.1.tlog
c:\users\jovan\desktop\faks\semestar 7\racunarska grafika\projekat\sablon\x64\debug\sablon.tlog\link-cvtres.read.1.tlog
c:\users\jovan\desktop\faks\semestar 7\racunarska grafika\projekat\sablon\x64\debug\sablon.tlog\link-cvtres.write.1.tlog
c:\users\jovan\desktop\faks\semestar 7\racunarska grafika\projekat\sablon\x64\debug\sablon.tlog\link-rc.read.1.tlog
c:\users\jovan\desktop\faks\semestar 7\racunarska grafika\projekat\sablon\x64\debug\sablon.tlog\link-rc.write.1.tlog
c:\users\jovan\desktop\faks\semestar 7\racunarska grafika\projekat\sablon\x64\debug\sablon.tlog\link.21388-cvtres.read.1.tlog
c:\users\jovan\desktop\faks\semestar 7\racunarska grafika\projekat\sablon\x64\debug\sablon.tlog\link.21388-cvtres.write.1.tlog
c:\users\jovan\desktop\faks\semestar 7\racunarska grafika\projekat\sablon\x64\debug\sablon.tlog\link.21388-rc.read.1.tlog
c:\users\jovan\desktop\faks\semestar 7\racunarska grafika\projekat\sablon\x64\debug\sablon.tlog\link.21388-rc.write.1.tlog
c:\users\jovan\desktop\faks\semestar 7\racunarska grafika\projekat\sablon\x64\debug\sablon.tlog\link.21388.read.1.tlog
c:\users\jovan\desktop\faks\semestar 7\racunarska grafika\projekat\sablon\x64\debug\sablon.tlog\link.21388.read.2.tlog
c:\users\jovan\desktop\faks\semestar 7\racunarska grafika\projekat\sablon\x64\debug\sablon.tlog\link.21388.write.1.tlog
c:\users\jovan\desktop\faks\semestar 7\racunarska grafika\projekat\sablon\x64\debug\sablon.tlog\link.command.1.tlog
c:\users\jovan\desktop\faks\semestar 7\racunarska grafika\projekat\sablon\x64\debug\sablon.tlog\link.read.1.tlog
c:\users\jovan\desktop\faks\semestar 7\racunarska grafika\projekat\sablon\x64\debug\sablon.tlog\link.read.2.tlog
c:\users\jovan\desktop\faks\semestar 7\racunarska grafika\projekat\sablon\x64\debug\sablon.tlog\link.secondary.1.tlog
c:\users\jovan\desktop\faks\semestar 7\racunarska grafika\projekat\sablon\x64\debug\sablon.tlog\link.write.1.tlog
